#
# There is insufficient memory for the Java Runtime Environment to continue.
# Native memory allocation (malloc) failed to allocate 343376 bytes for Chunk::new
# Possible reasons:
#   The system is out of physical RAM or swap space
#   In 32 bit mode, the process size limit was hit
# Possible solutions:
#   Reduce memory load on the system
#   Increase physical memory or swap space
#   Check if swap backing store is full
#   Use 64 bit Java on a 64 bit OS
#   Decrease Java heap size (-Xmx/-Xms)
#   Decrease number of Java threads
#   Decrease Java thread stack sizes (-Xss)
#   Set larger code cache with -XX:ReservedCodeCacheSize=
# This output file may be truncated or incomplete.
#
#  Out of Memory Error (allocation.cpp:390), pid=5672, tid=0x0000000000001294
#
# JRE version: OpenJDK Runtime Environment (8.0_112-b06) (build 1.8.0_112-release-b06)
# Java VM: OpenJDK 64-Bit Server VM (25.112-b06 mixed mode windows-amd64 compressed oops)
# Failed to write core dump. Minidumps are not enabled by default on client versions of Windows
#

---------------  T H R E A D  ---------------

Current thread (0x000000001517f000):  JavaThread "C2 CompilerThread0" daemon [_thread_in_native, id=4756, stack(0x00000000167c0000,0x00000000168c0000)]

Stack: [0x00000000167c0000,0x00000000168c0000]
[error occurred during error reporting (printing stack bounds), id 0xc0000005]

Native frames: (J=compiled Java code, j=interpreted, Vv=VM code, C=native code)


Current CompileTask:
C2:  75316 3081       4       com.android.dx.ssa.back.LivenessAnalyzer::handleTailRecursion (94 bytes)


---------------  P R O C E S S  ---------------

Java Threads: ( => current thread )
  0x00000000172a0000 JavaThread "pool-2-thread-4" [_thread_in_Java, id=6752, stack(0x0000000018c90000,0x0000000018d90000)]
  0x00000000174d6800 JavaThread "pool-2-thread-3" [_thread_in_Java, id=7512, stack(0x0000000018b90000,0x0000000018c90000)]
  0x00000000174d5800 JavaThread "pool-2-thread-2" [_thread_in_Java, id=696, stack(0x0000000018a90000,0x0000000018b90000)]
  0x00000000174d3000 JavaThread "pool-3-thread-1" [_thread_blocked, id=3212, stack(0x0000000018990000,0x0000000018a90000)]
  0x00000000174d2000 JavaThread "pool-2-thread-1" [_thread_in_Java, id=5428, stack(0x0000000018890000,0x0000000018990000)]
  0x0000000016ae4000 JavaThread "Service Thread" daemon [_thread_blocked, id=6640, stack(0x0000000016ec0000,0x0000000016fc0000)]
  0x0000000015188000 JavaThread "C1 CompilerThread2" daemon [_thread_blocked, id=7832, stack(0x00000000169c0000,0x0000000016ac0000)]
  0x0000000015184000 JavaThread "C2 CompilerThread1" daemon [_thread_in_native, id=4504, stack(0x00000000168c0000,0x00000000169c0000)]
=>0x000000001517f000 JavaThread "C2 CompilerThread0" daemon [_thread_in_native, id=4756, stack(0x00000000167c0000,0x00000000168c0000)]
  0x000000001517a000 JavaThread "Attach Listener" daemon [_thread_blocked, id=8044, stack(0x00000000166c0000,0x00000000167c0000)]
  0x0000000015179000 JavaThread "Signal Dispatcher" daemon [_thread_blocked, id=5800, stack(0x00000000165c0000,0x00000000166c0000)]
  0x0000000002aab800 JavaThread "Finalizer" daemon [_thread_blocked, id=7640, stack(0x00000000163e0000,0x00000000164e0000)]
  0x0000000002aa0800 JavaThread "Reference Handler" daemon [_thread_blocked, id=6692, stack(0x00000000162e0000,0x00000000163e0000)]
  0x00000000029ae000 JavaThread "main" [_thread_blocked, id=3960, stack(0x0000000002860000,0x0000000002960000)]

Other Threads:
  0x0000000015146000 VMThread [stack: 0x00000000161e0000,0x00000000162e0000] [id=3772]
  0x0000000016ae4800 WatcherThread [stack: 0x0000000016fc0000,0x00000000170c0000] [id=5920]

VM state:not at safepoint (normal execution)

VM Mutex/Monitor currently owned by a thread: None

Heap:
 PSYoungGen      total 232960K, used 84845K [0x00000000eab00000, 0x0000000100000000, 0x0000000100000000)
  eden space 116736K, 49% used [0x00000000eab00000,0x00000000ee30cb48,0x00000000f1d00000)
  from space 116224K, 23% used [0x00000000f8e80000,0x00000000fa94ec90,0x0000000100000000)
  to   space 116224K, 0% used [0x00000000f1d00000,0x00000000f1d00000,0x00000000f8e80000)
 ParOldGen       total 699392K, used 699304K [0x00000000c0000000, 0x00000000eab00000, 0x00000000eab00000)
  object space 699392K, 99% used [0x00000000c0000000,0x00000000eaaea028,0x00000000eab00000)
 Metaspace       used 6449K, capacity 7280K, committed 7552K, reserved 1056768K
  class space    used 589K, capacity 616K, committed 640K, reserved 1048576K

Card table byte_map: [0x0000000011e70000,0x0000000012080000] byte_map_base: 0x0000000011870000

Marking Bits: (ParMarkBitMap*) 0x00000000581718f0
 Begin Bits: [0x00000000125e0000, 0x00000000135e0000)
 End Bits:   [0x00000000135e0000, 0x00000000145e0000)

Polling page: 0x0000000001060000

CodeCache: size=245760Kb used=12319Kb max_used=13569Kb free=233441Kb
 bounds [0x0000000002ab0000, 0x0000000003830000, 0x0000000011ab0000]
 total_blobs=2641 nmethods=2379 adapters=176
 compilation: enabled

Compilation events (10 events):
Event: 69.257 Thread 0x0000000015188000 3079       2       com.android.dx.ssa.back.LivenessAnalyzer::liveOutAtBlock (68 bytes)
Event: 69.258 Thread 0x0000000015188000 nmethod 3079 0x0000000002f0ba10 code [0x0000000002f0bbc0, 0x0000000002f0c0a8]
Event: 69.263 Thread 0x000000001517f000 nmethod 3072 0x0000000002c720d0 code [0x0000000002c72220, 0x0000000002c726d8]
Event: 69.264 Thread 0x000000001517f000 3075       4       com.android.dx.ssa.back.InterferenceGraph::add (46 bytes)
Event: 75.020 Thread 0x0000000015184000 nmethod 3067% 0x0000000002f95d50 code [0x0000000002f95f20, 0x0000000002f973b8]
Event: 75.021 Thread 0x0000000015184000 3077       4       com.android.dx.ssa.back.LivenessAnalyzer::liveOutAtStatement (61 bytes)
Event: 75.111 Thread 0x000000001517f000 nmethod 3075 0x0000000002f32510 code [0x0000000002f32700, 0x0000000002f33d88]
Event: 75.112 Thread 0x000000001517f000 3081       4       com.android.dx.ssa.back.LivenessAnalyzer::handleTailRecursion (94 bytes)
Event: 75.130 Thread 0x0000000015184000 nmethod 3077 0x0000000002cf3ad0 code [0x0000000002cf3ce0, 0x0000000002cf5628]
Event: 75.131 Thread 0x0000000015184000 3082       4       com.android.dx.ssa.back.LivenessAnalyzer::liveInAtStatement (55 bytes)

GC Heap History (10 events):
Event: 67.066 GC heap before
{Heap before GC invocations=36 (full 5):
 PSYoungGen      total 230912K, used 136217K [0x00000000eab00000, 0x00000000ffe00000, 0x0000000100000000)
  eden space 116736K, 100% used [0x00000000eab00000,0x00000000f1d00000,0x00000000f1d00000)
  from space 114176K, 17% used [0x00000000f8e80000,0x00000000fa186498,0x00000000ffe00000)
  to   space 115200K, 0% used [0x00000000f1d00000,0x00000000f1d00000,0x00000000f8d80000)
 ParOldGen       total 699392K, used 528938K [0x00000000c0000000, 0x00000000eab00000, 0x00000000eab00000)
  object space 699392K, 75% used [0x00000000c0000000,0x00000000e048ab10,0x00000000eab00000)
 Metaspace       used 6449K, capacity 7280K, committed 7552K, reserved 1056768K
  class space    used 589K, capacity 616K, committed 640K, reserved 1048576K
Event: 67.157 GC heap after
Heap after GC invocations=36 (full 5):
 PSYoungGen      total 161792K, used 44656K [0x00000000eab00000, 0x00000000ff500000, 0x0000000100000000)
  eden space 116736K, 0% used [0x00000000eab00000,0x00000000eab00000,0x00000000f1d00000)
  from space 45056K, 99% used [0x00000000f1d00000,0x00000000f489c348,0x00000000f4900000)
  to   space 109056K, 0% used [0x00000000f8a80000,0x00000000f8a80000,0x00000000ff500000)
 ParOldGen       total 699392K, used 528938K [0x00000000c0000000, 0x00000000eab00000, 0x00000000eab00000)
  object space 699392K, 75% used [0x00000000c0000000,0x00000000e048ab10,0x00000000eab00000)
 Metaspace       used 6449K, capacity 7280K, committed 7552K, reserved 1056768K
  class space    used 589K, capacity 616K, committed 640K, reserved 1048576K
}
Event: 68.547 GC heap before
{Heap before GC invocations=37 (full 5):
 PSYoungGen      total 161792K, used 161392K [0x00000000eab00000, 0x00000000ff500000, 0x0000000100000000)
  eden space 116736K, 100% used [0x00000000eab00000,0x00000000f1d00000,0x00000000f1d00000)
  from space 45056K, 99% used [0x00000000f1d00000,0x00000000f489c348,0x00000000f4900000)
  to   space 109056K, 0% used [0x00000000f8a80000,0x00000000f8a80000,0x00000000ff500000)
 ParOldGen       total 699392K, used 528938K [0x00000000c0000000, 0x00000000eab00000, 0x00000000eab00000)
  object space 699392K, 75% used [0x00000000c0000000,0x00000000e048ab10,0x00000000eab00000)
 Metaspace       used 6449K, capacity 7280K, committed 7552K, reserved 1056768K
  class space    used 589K, capacity 616K, committed 640K, reserved 1048576K
Event: 68.694 GC heap after
Heap after GC invocations=37 (full 5):
 PSYoungGen      total 221696K, used 109045K [0x00000000eab00000, 0x0000000100000000, 0x0000000100000000)
  eden space 112640K, 0% used [0x00000000eab00000,0x00000000eab00000,0x00000000f1900000)
  from space 109056K, 99% used [0x00000000f8a80000,0x00000000ff4fd550,0x00000000ff500000)
  to   space 116224K, 0% used [0x00000000f1900000,0x00000000f1900000,0x00000000f8a80000)
 ParOldGen       total 699392K, used 530674K [0x00000000c0000000, 0x00000000eab00000, 0x00000000eab00000)
  object space 699392K, 75% used [0x00000000c0000000,0x00000000e063ca20,0x00000000eab00000)
 Metaspace       used 6449K, capacity 7280K, committed 7552K, reserved 1056768K
  class space    used 589K, capacity 616K, committed 640K, reserved 1048576K
}
Event: 68.761 GC heap before
{Heap before GC invocations=38 (full 5):
 PSYoungGen      total 221696K, used 221685K [0x00000000eab00000, 0x0000000100000000, 0x0000000100000000)
  eden space 112640K, 100% used [0x00000000eab00000,0x00000000f1900000,0x00000000f1900000)
  from space 109056K, 99% used [0x00000000f8a80000,0x00000000ff4fd550,0x00000000ff500000)
  to   space 116224K, 0% used [0x00000000f1900000,0x00000000f1900000,0x00000000f8a80000)
 ParOldGen       total 699392K, used 530674K [0x00000000c0000000, 0x00000000eab00000, 0x00000000eab00000)
  object space 699392K, 75% used [0x00000000c0000000,0x00000000e063ca20,0x00000000eab00000)
 Metaspace       used 6449K, capacity 7280K, committed 7552K, reserved 1056768K
  class space    used 589K, capacity 616K, committed 640K, reserved 1048576K
Event: 68.949 GC heap after
Heap after GC invocations=38 (full 5):
 PSYoungGen      total 228864K, used 116213K [0x00000000eab00000, 0x0000000100000000, 0x0000000100000000)
  eden space 112640K, 0% used [0x00000000eab00000,0x00000000eab00000,0x00000000f1900000)
  from space 116224K, 99% used [0x00000000f1900000,0x00000000f8a7d758,0x00000000f8a80000)
  to   space 116224K, 0% used [0x00000000f8e80000,0x00000000f8e80000,0x0000000100000000)
 ParOldGen       total 699392K, used 577764K [0x00000000c0000000, 0x00000000eab00000, 0x00000000eab00000)
  object space 699392K, 82% used [0x00000000c0000000,0x00000000e3439058,0x00000000eab00000)
 Metaspace       used 6449K, capacity 7280K, committed 7552K, reserved 1056768K
  class space    used 589K, capacity 616K, committed 640K, reserved 1048576K
}
Event: 69.264 GC heap before
{Heap before GC invocations=39 (full 5):
 PSYoungGen      total 228864K, used 228853K [0x00000000eab00000, 0x0000000100000000, 0x0000000100000000)
  eden space 112640K, 100% used [0x00000000eab00000,0x00000000f1900000,0x00000000f1900000)
  from space 116224K, 99% used [0x00000000f1900000,0x00000000f8a7d758,0x00000000f8a80000)
  to   space 116224K, 0% used [0x00000000f8e80000,0x00000000f8e80000,0x0000000100000000)
 ParOldGen       total 699392K, used 577764K [0x00000000c0000000, 0x00000000eab00000, 0x00000000eab00000)
  object space 699392K, 82% used [0x00000000c0000000,0x00000000e3439058,0x00000000eab00000)
 Metaspace       used 6449K, capacity 7280K, committed 7552K, reserved 1056768K
  class space    used 589K, capacity 616K, committed 640K, reserved 1048576K
Event: 69.433 GC heap after
Heap after GC invocations=39 (full 5):
 PSYoungGen      total 232960K, used 37664K [0x00000000eab00000, 0x0000000100000000, 0x0000000100000000)
  eden space 116736K, 0% used [0x00000000eab00000,0x00000000eab00000,0x00000000f1d00000)
  from space 116224K, 32% used [0x00000000f8e80000,0x00000000fb348250,0x0000000100000000)
  to   space 116224K, 0% used [0x00000000f1d00000,0x00000000f1d00000,0x00000000f8e80000)
 ParOldGen       total 699392K, used 697110K [0x00000000c0000000, 0x00000000eab00000, 0x00000000eab00000)
  object space 699392K, 99% used [0x00000000c0000000,0x00000000ea8c5ba8,0x00000000eab00000)
 Metaspace       used 6449K, capacity 7280K, committed 7552K, reserved 1056768K
  class space    used 589K, capacity 616K, committed 640K, reserved 1048576K
}
Event: 69.433 GC heap before
{Heap before GC invocations=40 (full 6):
 PSYoungGen      total 232960K, used 37664K [0x00000000eab00000, 0x0000000100000000, 0x0000000100000000)
  eden space 116736K, 0% used [0x00000000eab00000,0x00000000eab00000,0x00000000f1d00000)
  from space 116224K, 32% used [0x00000000f8e80000,0x00000000fb348250,0x0000000100000000)
  to   space 116224K, 0% used [0x00000000f1d00000,0x00000000f1d00000,0x00000000f8e80000)
 ParOldGen       total 699392K, used 697110K [0x00000000c0000000, 0x00000000eab00000, 0x00000000eab00000)
  object space 699392K, 99% used [0x00000000c0000000,0x00000000ea8c5ba8,0x00000000eab00000)
 Metaspace       used 6449K, capacity 7280K, committed 7552K, reserved 1056768K
  class space    used 589K, capacity 616K, committed 640K, reserved 1048576K
Event: 75.016 GC heap after
Heap after GC invocations=40 (full 6):
 PSYoungGen      total 232960K, used 27451K [0x00000000eab00000, 0x0000000100000000, 0x0000000100000000)
  eden space 116736K, 0% used [0x00000000eab00000,0x00000000eab00000,0x00000000f1d00000)
  from space 116224K, 23% used [0x00000000f8e80000,0x00000000fa94ec90,0x0000000100000000)
  to   space 116224K, 0% used [0x00000000f1d00000,0x00000000f1d00000,0x00000000f8e80000)
 ParOldGen       total 699392K, used 699304K [0x00000000c0000000, 0x00000000eab00000, 0x00000000eab00000)
  object space 699392K, 99% used [0x00000000c0000000,0x00000000eaaea028,0x00000000eab00000)
 Metaspace       used 6449K, capacity 7280K, committed 7552K, reserved 1056768K
  class space    used 589K, capacity 616K, committed 640K, reserved 1048576K
}

Deoptimization events (10 events):
Event: 59.920 Thread 0x00000000172a0000 Uncommon trap: reason=unstable_if action=reinterpret pc=0x00000000037bec7c method=java.util.TimSort.sort([Ljava/lang/Object;IILjava/util/Comparator;[Ljava/lang/Object;II)V @ 53
Event: 66.855 Thread 0x00000000172a0000 Uncommon trap: reason=unstable_if action=reinterpret pc=0x0000000002d8cf44 method=com.android.dx.ssa.SCCP.simulateStmt(Lcom/android/dx/ssa/SsaInsn;)V @ 435
Event: 69.242 Thread 0x00000000172a0000 Uncommon trap: reason=predicate action=maybe_recompile pc=0x0000000002c28ea4 method=com.android.dx.ssa.back.InterferenceGraph.<init>(I)V @ 23
Event: 69.248 Thread 0x00000000172a0000 Uncommon trap: reason=unstable_if action=reinterpret pc=0x0000000002f9973c method=com.android.dx.ssa.SetFactory.makeLivenessSet(I)Lcom/android/dx/util/IntSet; @ 4
Event: 69.248 Thread 0x00000000172a0000 Uncommon trap: reason=unstable_if action=reinterpret pc=0x0000000002ebd0e4 method=com.android.dx.ssa.SetFactory.makeLivenessSet(I)Lcom/android/dx/util/IntSet; @ 4
Event: 69.256 Thread 0x00000000172a0000 Uncommon trap: reason=class_check action=maybe_recompile pc=0x0000000002f8270c method=com.android.dx.ssa.back.InterferenceGraph.add(II)V @ 19
Event: 69.256 Thread 0x00000000172a0000 Uncommon trap: reason=class_check action=maybe_recompile pc=0x0000000002f8270c method=com.android.dx.ssa.back.InterferenceGraph.add(II)V @ 19
Event: 69.256 Thread 0x00000000172a0000 Uncommon trap: reason=class_check action=maybe_recompile pc=0x0000000002f8270c method=com.android.dx.ssa.back.InterferenceGraph.add(II)V @ 19
Event: 69.256 Thread 0x00000000172a0000 Uncommon trap: reason=class_check action=maybe_recompile pc=0x0000000002f8270c method=com.android.dx.ssa.back.InterferenceGraph.add(II)V @ 19
Event: 69.256 Thread 0x00000000172a0000 Uncommon trap: reason=class_check action=maybe_recompile pc=0x0000000002d49714 method=com.android.dx.ssa.back.InterferenceGraph.add(II)V @ 19

Internal exceptions (10 events):
Event: 0.612 Thread 0x00000000029ae000 Implicit null exception at 0x0000000002c1a8b8 to 0x0000000002c1aebd
Event: 2.826 Thread 0x00000000172a0000 Implicit null exception at 0x0000000002ef3062 to 0x0000000002ef3152
Event: 4.212 Thread 0x00000000174d6800 Implicit null exception at 0x0000000002e9f871 to 0x0000000002ea22b5
Event: 4.499 Thread 0x00000000174d5800 Implicit null exception at 0x0000000002ecc7cd to 0x0000000002ecedc1
Event: 4.669 Thread 0x00000000174d6800 Implicit null exception at 0x0000000003071818 to 0x0000000003071985
Event: 5.153 Thread 0x00000000174d5800 Exception <a 'java/lang/ArrayIndexOutOfBoundsException': 18> (0x00000000f0a78130) thrown at [C:\src\android\AOSP-openjdk\external\jetbrains\jdk\hotspot\src\share\vm\interpreter\interpreterRuntime.cpp, line 366]
Event: 5.154 Thread 0x00000000174d5800 Exception <a 'java/lang/ArrayIndexOutOfBoundsException'> (0x00000000f0a79cb0) thrown at [C:\src\android\AOSP-openjdk\external\jetbrains\jdk\hotspot\src\share\vm\runtime\sharedRuntime.cpp, line 605]
Event: 5.156 Thread 0x00000000174d5800 Exception <a 'java/lang/ArrayIndexOutOfBoundsException'> (0x00000000f0a7af98) thrown at [C:\src\android\AOSP-openjdk\external\jetbrains\jdk\hotspot\src\share\vm\runtime\sharedRuntime.cpp, line 605]
Event: 23.827 Thread 0x00000000029ae000 Implicit null exception at 0x0000000002c21d1d to 0x0000000002c226ad
Event: 29.249 Thread 0x00000000172a0000 Implicit null exception at 0x0000000002dccc7c to 0x0000000002dd3125

Events (10 events):
Event: 75.130 Thread 0x0000000015184000 flushing nmethod 0x0000000002de47d0
Event: 75.130 Thread 0x0000000015184000 flushing nmethod 0x0000000002e16190
Event: 75.130 Thread 0x0000000015184000 flushing nmethod 0x0000000002e18e90
Event: 75.130 Thread 0x0000000015184000 flushing nmethod 0x0000000002e1bc10
Event: 75.130 Thread 0x0000000015184000 flushing nmethod 0x0000000002e1f010
Event: 75.130 Thread 0x0000000015184000 flushing nmethod 0x0000000002e29f50
Event: 75.131 Thread 0x0000000015184000 flushing nmethod 0x0000000002e39490
Event: 75.131 Thread 0x0000000015184000 flushing nmethod 0x0000000002e3af50
Event: 75.131 Thread 0x0000000015184000 flushing nmethod 0x0000000002e4ee50
Event: 75.131 Thread 0x0000000015184000 flushing nmethod 0x0000000002e55e10


Dynamic libraries:
0x00007ff65f770000 - 0x00007ff65f7a1000 	C:\Program Files\Android\Android Studio\jre\bin\java.exe
0x00007ffa94ac0000 - 0x00007ffa94c6d000 	C:\Windows\SYSTEM32\ntdll.dll
0x00007ffa93ec0000 - 0x00007ffa93ffe000 	C:\Windows\system32\KERNEL32.DLL
0x00007ffa91d00000 - 0x00007ffa91e15000 	C:\Windows\system32\KERNELBASE.dll
0x00007ffa94870000 - 0x00007ffa9491a000 	C:\Windows\system32\ADVAPI32.dll
0x00007ffa94920000 - 0x00007ffa94a97000 	C:\Windows\system32\USER32.dll
0x00007ffa8f740000 - 0x00007ffa8f9bb000 	C:\Windows\WinSxS\amd64_microsoft.windows.common-controls_6595b64144ccf1df_6.0.9600.18006_none_623f33d3ecbe86e8\COMCTL32.dll
0x00007ffa94570000 - 0x00007ffa9461a000 	C:\Windows\system32\msvcrt.dll
0x00007ffa940f0000 - 0x00007ffa94149000 	C:\Windows\SYSTEM32\sechost.dll
0x00007ffa92140000 - 0x00007ffa92280000 	C:\Windows\system32\RPCRT4.dll
0x00007ffa93940000 - 0x00007ffa93a8f000 	C:\Windows\system32\GDI32.dll
0x00007ffa92000000 - 0x00007ffa9202e000 	C:\Windows\system32\SspiCli.dll
0x00007ffa93e70000 - 0x00007ffa93ea6000 	C:\Windows\system32\IMM32.DLL
0x00007ffa93d10000 - 0x00007ffa93e62000 	C:\Windows\system32\MSCTF.dll
0x0000000058490000 - 0x0000000058562000 	C:\Program Files\Android\Android Studio\jre\jre\bin\msvcr100.dll
0x00000000579b0000 - 0x00000000581ec000 	C:\Program Files\Android\Android Studio\jre\jre\bin\server\jvm.dll
0x00007ffa8e210000 - 0x00007ffa8e219000 	C:\Windows\SYSTEM32\WSOCK32.dll
0x00007ffa888e0000 - 0x00007ffa88902000 	C:\Windows\SYSTEM32\WINMM.dll
0x00007ffa8b440000 - 0x00007ffa8b44a000 	C:\Windows\SYSTEM32\VERSION.dll
0x00007ffa93eb0000 - 0x00007ffa93eb7000 	C:\Windows\system32\PSAPI.DLL
0x00007ffa94620000 - 0x00007ffa9467a000 	C:\Windows\system32\WS2_32.dll
0x00007ffa888b0000 - 0x00007ffa888da000 	C:\Windows\SYSTEM32\WINMMBASE.dll
0x00007ffa940e0000 - 0x00007ffa940e9000 	C:\Windows\system32\NSI.dll
0x00007ffa91cb0000 - 0x00007ffa91cff000 	C:\Windows\SYSTEM32\cfgmgr32.dll
0x00007ffa90a20000 - 0x00007ffa90a48000 	C:\Windows\SYSTEM32\DEVOBJ.dll
0x00007ffa8dee0000 - 0x00007ffa8deef000 	C:\Program Files\Android\Android Studio\jre\jre\bin\verify.dll
0x00007ffa83ef0000 - 0x00007ffa83f19000 	C:\Program Files\Android\Android Studio\jre\jre\bin\java.dll
0x00007ffa881d0000 - 0x00007ffa881e6000 	C:\Program Files\Android\Android Studio\jre\jre\bin\zip.dll
0x00007ffa92350000 - 0x00007ffa93878000 	C:\Windows\system32\SHELL32.dll
0x00007ffa94150000 - 0x00007ffa94361000 	C:\Windows\SYSTEM32\combase.dll
0x00007ffa94370000 - 0x00007ffa943c4000 	C:\Windows\system32\SHLWAPI.dll
0x00007ffa90410000 - 0x00007ffa904c2000 	C:\Windows\SYSTEM32\SHCORE.dll
0x00007ffa91be0000 - 0x00007ffa91bf5000 	C:\Windows\SYSTEM32\profapi.dll

VM Arguments:
jvm_args: -Djava.awt.headless=true -Xmx1024M -Dfile.encoding=windows-1252 -Duser.country=US -Duser.language=en -Duser.variant 
java_command: com.android.dx.command.Main --dex --num-threads=4 --multi-dex --main-dex-list C:\Users\joroncillo\AndroidStudioProjects\BizzNewLayout\app\build\intermediates\multi-dex\debug\maindexlist.txt --output C:\Users\joroncillo\AndroidStudioProjects\BizzNewLayout\app\build\intermediates\transforms\dex\debug\folders\1000\1f\main C:\Users\joroncillo\AndroidStudioProjects\BizzNewLayout\app\build\intermediates\transforms\jarMerging\debug\jars\1\1f\combined.jar
java_class_path (initial): C:\Users\joroncillo\AppData\Local\Android\sdk\build-tools\25.0.0\lib\dx.jar
Launcher Type: SUN_STANDARD

Environment Variables:
PATH=C:\ProgramData\Oracle\Java\javapath;C:\Program Files\Broadcom\Broadcom 802.11\Driver;;C:\Windows\system32;C:\Windows;C:\Windows\System32\Wbem;C:\Windows\System32\WindowsPowerShell\v1.0\;C:\ERM\Copy to System32 (PB9);C:\Program Files (x86)\Sybase\SQL Anywhere 8\win32;C:\Program Files (x86)\Sybase\Shared\win32;C:\Program Files (x86)\Sybase\Shared\Sybase Central 4.1;C:\Program Files (x86)\Sybase\PowerDynamo\win32;C:\Program Files (x86)\Microsoft SQL Server\100\Tools\Binn\;C:\Program Files\Microsoft SQL Server\100\Tools\Binn\;C:\Program Files\Microsoft SQL Server\100\DTS\Binn\;C:\Program Files (x86)\Microsoft SQL Server\100\Tools\Binn\VSShell\Common7\IDE\;C:\Program Files (x86)\Microsoft Visual Studio 9.0\Common7\IDE\PrivateAssemblies\;C:\Program Files (x86)\Microsoft SQL Server\100\DTS\Binn\;C:\Program Files (x86)\Skype\Phone\;C:\Program Files (x86)\Google\Chrome\Application;C:\ProgramData\Oracle\Java\javapath;C:\Program Files\Broadcom\Broadcom 802.11\Driver;C:\Windows\system32;C:\Windows;C:\Windows\System32\Wbem;C:\Windows\System32\WindowsPowerShell\v1.0\;C:\Program Files (x86)\Skype\Phone\;C:\ERM\Copy to System32 (PB9);C:\Users\joroncillo\AppData\Local\Programs\Git\cmd
USERNAME=joroncillo
OS=Windows_NT
PROCESSOR_IDENTIFIER=Intel64 Family 6 Model 37 Stepping 5, GenuineIntel



---------------  S Y S T E M  ---------------

OS: Windows 8.1 , 64 bit Build 9600 (6.3.9600.17415)

CPU:total 4 (2 cores per cpu, 2 threads per core) family 6 model 37 stepping 5, cmov, cx8, fxsr, mmx, sse, sse2, sse3, ssse3, sse4.1, sse4.2, popcnt, aes, clmul, ht, tsc, tscinvbit

Memory: 4k page, physical 6077876k(145796k free), swap 9223604k(5208k free)

vm_info: OpenJDK 64-Bit Server VM (25.112-b06) for windows-amd64 JRE (1.8.0_112-release-b06), built on Dec  8 2016 00:54:26 by "builder" with MS VC++ 10.0 (VS2010)

time: Wed Sep 06 11:57:03 2017
elapsed time: 75 seconds (0d 0h 1m 15s)

